<?xml version="1.0" encoding="UTF-8"?>
<!-- Generated by org.testng.reporters.JUnitReportReporter -->
<testsuite hostname="DESKTOP-H9KO56Q" failures="0" tests="1" name="question2" time="14.151" errors="0" timestamp="2023-08-15T08:23:49 MYT" skipped="0">
  <testcase classname="question2" name="main" time="14.151"/>
</testsuite> <!-- question2 -->
