<?xml version="1.0" encoding="UTF-8"?>
<!-- Generated by org.testng.reporters.JUnitReportReporter -->
<testsuite hostname="DESKTOP-H9KO56Q" failures="0" tests="1" name="question1" time="8.798" errors="0" timestamp="2023-08-15T00:10:45 MYT" skipped="0">
  <testcase classname="question1" name="main" time="8.798"/>
</testsuite> <!-- question1 -->
